No hand landmarks detected in: ./data/Z/638.jpg
No hand landmarks detected in: ./data/Z/604.jpg
No hand landmarks detected in: ./data/Z/610.jpg
No hand landmarks detected in: ./data/Z/406.jpg
No hand landmarks detected in: ./data/Z/599.jpg
No hand landmarks detected in: ./data/Z/566.jpg
No hand landmarks detected in: ./data/Z/943.jpg
No hand landmarks detected in: ./data/Z/942.jpg
No hand landmarks detected in: ./data/Z/567.jpg
No hand landmarks detected in: ./data/Z/573.jpg
No hand landmarks detected in: ./data/Z/611.jpg
No hand landmarks detected in: ./data/Z/605.jpg
No hand landmarks detected in: ./data/Z/639.jpg
No hand landmarks detected in: ./data/Z/613.jpg
No hand landmarks detected in: ./data/Z/607.jpg
No hand landmarks detected in: ./data/Z/405.jpg
No hand landmarks detected in: ./data/Z/559.jpg
No hand landmarks detected in: ./data/Z/565.jpg
No hand landmarks detected in: ./data/Z/954.jpg
No hand landmarks detected in: ./data/Z/955.jpg
No hand landmarks detected in: ./data/Z/570.jpg
No hand landmarks detected in: ./data/Z/564.jpg
No hand landmarks detected in: ./data/Z/558.jpg
No hand landmarks detected in: ./data/Z/404.jpg
No hand landmarks detected in: ./data/Z/410.jpg
No hand landmarks detected in: ./data/Z/606.jpg
No hand landmarks detected in: ./data/Z/612.jpg
No hand landmarks detected in: ./data/Z/616.jpg
No hand landmarks detected in: ./data/Z/602.jpg
No hand landmarks detected in: ./data/Z/399.jpg
No hand landmarks detected in: ./data/Z/560.jpg
No hand landmarks detected in: ./data/Z/548.jpg
No hand landmarks detected in: ./data/Z/945.jpg
No hand landmarks detected in: ./data/Z/951.jpg
No hand landmarks detected in: ./data/Z/950.jpg
No hand landmarks detected in: ./data/Z/944.jpg
No hand landmarks detected in: ./data/Z/575.jpg
No hand landmarks detected in: ./data/Z/561.jpg
No hand landmarks detected in: ./data/Z/401.jpg
No hand landmarks detected in: ./data/Z/603.jpg
No hand landmarks detected in: ./data/Z/617.jpg
No hand landmarks detected in: ./data/Z/64.jpg
No hand landmarks detected in: ./data/Z/66.jpg
No hand landmarks detected in: ./data/Z/601.jpg
No hand landmarks detected in: ./data/Z/99.jpg
No hand landmarks detected in: ./data/Z/615.jpg
No hand landmarks detected in: ./data/Z/629.jpg
No hand landmarks detected in: ./data/Z/563.jpg
No hand landmarks detected in: ./data/Z/239.jpg
No hand landmarks detected in: ./data/Z/946.jpg
No hand landmarks detected in: ./data/Z/947.jpg
No hand landmarks detected in: ./data/Z/562.jpg
No hand landmarks detected in: ./data/Z/576.jpg
No hand landmarks detected in: ./data/Z/628.jpg
No hand landmarks detected in: ./data/Z/614.jpg
No hand landmarks detected in: ./data/Z/98.jpg
No hand landmarks detected in: ./data/Z/600.jpg
No hand landmarks detected in: ./data/Z/67.jpg
No hand landmarks detected in: ./data/Z/868.jpg
No hand landmarks detected in: ./data/Z/897.jpg
No hand landmarks detected in: ./data/Z/667.jpg
No hand landmarks detected in: ./data/Z/539.jpg
No hand landmarks detected in: ./data/Z/511.jpg
No hand landmarks detected in: ./data/Z/505.jpg
No hand landmarks detected in: ./data/Z/920.jpg
No hand landmarks detected in: ./data/Z/908.jpg
No hand landmarks detected in: ./data/Z/909.jpg
No hand landmarks detected in: ./data/Z/510.jpg
No hand landmarks detected in: ./data/Z/666.jpg
No hand landmarks detected in: ./data/Z/896.jpg
No hand landmarks detected in: ./data/Z/882.jpg
No hand landmarks detected in: ./data/Z/869.jpg
No hand landmarks detected in: ./data/Z/894.jpg
No hand landmarks detected in: ./data/Z/880.jpg
No hand landmarks detected in: ./data/Z/664.jpg
No hand landmarks detected in: ./data/Z/506.jpg
No hand landmarks detected in: ./data/Z/512.jpg
No hand landmarks detected in: ./data/Z/937.jpg
No hand landmarks detected in: ./data/Z/936.jpg
No hand landmarks detected in: ./data/Z/922.jpg
No hand landmarks detected in: ./data/Z/513.jpg
No hand landmarks detected in: ./data/Z/507.jpg
No hand landmarks detected in: ./data/Z/665.jpg
No hand landmarks detected in: ./data/Z/895.jpg
No hand landmarks detected in: ./data/Z/856.jpg
No hand landmarks detected in: ./data/Z/852.jpg
No hand landmarks detected in: ./data/Z/675.jpg
No hand landmarks detected in: ./data/Z/113.jpg
No hand landmarks detected in: ./data/Z/649.jpg
No hand landmarks detected in: ./data/Z/517.jpg
No hand landmarks detected in: ./data/Z/933.jpg
No hand landmarks detected in: ./data/Z/927.jpg
No hand landmarks detected in: ./data/Z/516.jpg
No hand landmarks detected in: ./data/Z/502.jpg
No hand landmarks detected in: ./data/Z/648.jpg
No hand landmarks detected in: ./data/Z/674.jpg
No hand landmarks detected in: ./data/Z/112.jpg
No hand landmarks detected in: ./data/Z/853.jpg
No hand landmarks detected in: ./data/Z/851.jpg
No hand landmarks detected in: ./data/Z/676.jpg
No hand landmarks detected in: ./data/Z/514.jpg
No hand landmarks detected in: ./data/Z/500.jpg
No hand landmarks detected in: ./data/Z/528.jpg
No hand landmarks detected in: ./data/Z/930.jpg
No hand landmarks detected in: ./data/Z/529.jpg
No hand landmarks detected in: ./data/Z/501.jpg
No hand landmarks detected in: ./data/Z/515.jpg
No hand landmarks detected in: ./data/Z/893.jpg
No hand landmarks detected in: ./data/Z/677.jpg
No hand landmarks detected in: ./data/Z/850.jpg
No hand landmarks detected in: ./data/Z/688.jpg
No hand landmarks detected in: ./data/Z/878.jpg
No hand landmarks detected in: ./data/Z/875.jpg
No hand landmarks detected in: ./data/Z/849.jpg
No hand landmarks detected in: ./data/Z/646.jpg
No hand landmarks detected in: ./data/Z/518.jpg
No hand landmarks detected in: ./data/Z/901.jpg
No hand landmarks detected in: ./data/Z/928.jpg
No hand landmarks detected in: ./data/Z/900.jpg
No hand landmarks detected in: ./data/Z/914.jpg
No hand landmarks detected in: ./data/Z/243.jpg
No hand landmarks detected in: ./data/Z/531.jpg
No hand landmarks detected in: ./data/Z/519.jpg
No hand landmarks detected in: ./data/Z/653.jpg
No hand landmarks detected in: ./data/Z/647.jpg
No hand landmarks detected in: ./data/Z/690.jpg
No hand landmarks detected in: ./data/Z/874.jpg
No hand landmarks detected in: ./data/Z/876.jpg
No hand landmarks detected in: ./data/Z/862.jpg
No hand landmarks detected in: ./data/Z/889.jpg
No hand landmarks detected in: ./data/Z/645.jpg
No hand landmarks detected in: ./data/Z/241.jpg
No hand landmarks detected in: ./data/Z/902.jpg
No hand landmarks detected in: ./data/Z/916.jpg
No hand landmarks detected in: ./data/Z/903.jpg
No hand landmarks detected in: ./data/Z/532.jpg
No hand landmarks detected in: ./data/Z/526.jpg
No hand landmarks detected in: ./data/Z/644.jpg
No hand landmarks detected in: ./data/Z/650.jpg
No hand landmarks detected in: ./data/Z/888.jpg
No hand landmarks detected in: ./data/Z/873.jpg
No hand landmarks detected in: ./data/Z/867.jpg
No hand landmarks detected in: ./data/Z/898.jpg
No hand landmarks detected in: ./data/Z/640.jpg
No hand landmarks detected in: ./data/Z/536.jpg
No hand landmarks detected in: ./data/Z/907.jpg
No hand landmarks detected in: ./data/Z/912.jpg
No hand landmarks detected in: ./data/Z/669.jpg
No hand landmarks detected in: ./data/Z/641.jpg
No hand landmarks detected in: ./data/Z/899.jpg
No hand landmarks detected in: ./data/Z/872.jpg
No hand landmarks detected in: ./data/Z/870.jpg
No hand landmarks detected in: ./data/Z/643.jpg
No hand landmarks detected in: ./data/Z/938.jpg
No hand landmarks detected in: ./data/Z/910.jpg
No hand landmarks detected in: ./data/Z/911.jpg
No hand landmarks detected in: ./data/Z/939.jpg
No hand landmarks detected in: ./data/Z/508.jpg
No hand landmarks detected in: ./data/Z/642.jpg
No hand landmarks detected in: ./data/Z/4.jpg
No hand landmarks detected in: ./data/Z/81.jpg
No hand landmarks detected in: ./data/Z/619.jpg
No hand landmarks detected in: ./data/Z/95.jpg
No hand landmarks detected in: ./data/Z/625.jpg
No hand landmarks detected in: ./data/Z/631.jpg
No hand landmarks detected in: ./data/Z/427.jpg
No hand landmarks detected in: ./data/Z/553.jpg
No hand landmarks detected in: ./data/Z/220.jpg
No hand landmarks detected in: ./data/Z/552.jpg
No hand landmarks detected in: ./data/Z/426.jpg
No hand landmarks detected in: ./data/Z/630.jpg
No hand landmarks detected in: ./data/Z/624.jpg
No hand landmarks detected in: ./data/Z/94.jpg
No hand landmarks detected in: ./data/Z/618.jpg
No hand landmarks detected in: ./data/Z/96.jpg
No hand landmarks detected in: ./data/Z/632.jpg
No hand landmarks detected in: ./data/Z/424.jpg
No hand landmarks detected in: ./data/Z/550.jpg
No hand landmarks detected in: ./data/Z/948.jpg
No hand landmarks detected in: ./data/Z/551.jpg
No hand landmarks detected in: ./data/Z/545.jpg
No hand landmarks detected in: ./data/Z/592.jpg
No hand landmarks detected in: ./data/Z/586.jpg
No hand landmarks detected in: ./data/Z/425.jpg
No hand landmarks detected in: ./data/Z/431.jpg
No hand landmarks detected in: ./data/Z/419.jpg
No hand landmarks detected in: ./data/Z/627.jpg
No hand landmarks detected in: ./data/Z/633.jpg
No hand landmarks detected in: ./data/Z/68.jpg
No hand landmarks detected in: ./data/Z/637.jpg
No hand landmarks detected in: ./data/Z/623.jpg
No hand landmarks detected in: ./data/Z/93.jpg
No hand landmarks detected in: ./data/Z/421.jpg
No hand landmarks detected in: ./data/Z/409.jpg
No hand landmarks detected in: ./data/Z/582.jpg
No hand landmarks detected in: ./data/Z/596.jpg
No hand landmarks detected in: ./data/Z/541.jpg
No hand landmarks detected in: ./data/Z/555.jpg
No hand landmarks detected in: ./data/Z/569.jpg
No hand landmarks detected in: ./data/Z/964.jpg
No hand landmarks detected in: ./data/Z/965.jpg
No hand landmarks detected in: ./data/Z/568.jpg
No hand landmarks detected in: ./data/Z/554.jpg
No hand landmarks detected in: ./data/Z/540.jpg
No hand landmarks detected in: ./data/Z/408.jpg
No hand landmarks detected in: ./data/Z/86.jpg
No hand landmarks detected in: ./data/Z/622.jpg
No hand landmarks detected in: ./data/Z/636.jpg
No hand landmarks detected in: ./data/Z/3.jpg
No hand landmarks detected in: ./data/Z/620.jpg
No hand landmarks detected in: ./data/Z/634.jpg
No hand landmarks detected in: ./data/Z/608.jpg
No hand landmarks detected in: ./data/Z/422.jpg
No hand landmarks detected in: ./data/Z/595.jpg
No hand landmarks detected in: ./data/Z/581.jpg
No hand landmarks detected in: ./data/Z/556.jpg
No hand landmarks detected in: ./data/Z/542.jpg
No hand landmarks detected in: ./data/Z/967.jpg
No hand landmarks detected in: ./data/Z/966.jpg
No hand landmarks detected in: ./data/Z/219.jpg
No hand landmarks detected in: ./data/Z/543.jpg
No hand landmarks detected in: ./data/Z/557.jpg
No hand landmarks detected in: ./data/Z/594.jpg
No hand landmarks detected in: ./data/Z/423.jpg
No hand landmarks detected in: ./data/Z/91.jpg
No hand landmarks detected in: ./data/Z/609.jpg
No hand landmarks detected in: ./data/Z/635.jpg
No hand landmarks detected in: ./data/Z/621.jpg
No hand landmarks detected in: ./data/H/63.jpg
No hand landmarks detected in: ./data/H/77.jpg
No hand landmarks detected in: ./data/H/162.jpg
No hand landmarks detected in: ./data/H/943.jpg
No hand landmarks detected in: ./data/H/605.jpg
No hand landmarks detected in: ./data/H/163.jpg
No hand landmarks detected in: ./data/H/639.jpg
No hand landmarks detected in: ./data/H/76.jpg
No hand landmarks detected in: ./data/H/62.jpg
No hand landmarks detected in: ./data/H/74.jpg
No hand landmarks detected in: ./data/H/60.jpg
No hand landmarks detected in: ./data/H/48.jpg
No hand landmarks detected in: ./data/H/149.jpg
No hand landmarks detected in: ./data/H/161.jpg
No hand landmarks detected in: ./data/H/607.jpg
No hand landmarks detected in: ./data/H/439.jpg
No hand landmarks detected in: ./data/H/438.jpg
No hand landmarks detected in: ./data/H/606.jpg
No hand landmarks detected in: ./data/H/148.jpg
No hand landmarks detected in: ./data/H/49.jpg
No hand landmarks detected in: ./data/H/61.jpg
No hand landmarks detected in: ./data/H/75.jpg
No hand landmarks detected in: ./data/H/59.jpg
No hand landmarks detected in: ./data/H/71.jpg
No hand landmarks detected in: ./data/H/65.jpg
No hand landmarks detected in: ./data/H/159.jpg
No hand landmarks detected in: ./data/H/64.jpg
No hand landmarks detected in: ./data/H/70.jpg
No hand landmarks detected in: ./data/H/58.jpg
No hand landmarks detected in: ./data/H/66.jpg
No hand landmarks detected in: ./data/H/72.jpg
No hand landmarks detected in: ./data/H/629.jpg
No hand landmarks detected in: ./data/H/577.jpg
No hand landmarks detected in: ./data/H/628.jpg
No hand landmarks detected in: ./data/H/73.jpg
No hand landmarks detected in: ./data/H/67.jpg
No hand landmarks detected in: ./data/H/28.jpg
No hand landmarks detected in: ./data/H/288.jpg
No hand landmarks detected in: ./data/H/289.jpg
No hand landmarks detected in: ./data/H/882.jpg
No hand landmarks detected in: ./data/H/29.jpg
No hand landmarks detected in: ./data/H/102.jpg
No hand landmarks detected in: ./data/H/328.jpg
No hand landmarks detected in: ./data/H/274.jpg
No hand landmarks detected in: ./data/H/329.jpg
No hand landmarks detected in: ./data/H/895.jpg
No hand landmarks detected in: ./data/H/926.jpg
No hand landmarks detected in: ./data/H/932.jpg
No hand landmarks detected in: ./data/H/927.jpg
No hand landmarks detected in: ./data/H/338.jpg
No hand landmarks detected in: ./data/H/489.jpg
No hand landmarks detected in: ./data/H/39.jpg
No hand landmarks detected in: ./data/H/38.jpg
No hand landmarks detected in: ./data/H/35.jpg
No hand landmarks detected in: ./data/H/493.jpg
No hand landmarks detected in: ./data/H/281.jpg
No hand landmarks detected in: ./data/H/901.jpg
No hand landmarks detected in: ./data/H/900.jpg
No hand landmarks detected in: ./data/H/280.jpg
No hand landmarks detected in: ./data/H/294.jpg
No hand landmarks detected in: ./data/H/337.jpg
No hand landmarks detected in: ./data/H/445.jpg
No hand landmarks detected in: ./data/H/874.jpg
No hand landmarks detected in: ./data/H/34.jpg
No hand landmarks detected in: ./data/H/20.jpg
No hand landmarks detected in: ./data/H/22.jpg
No hand landmarks detected in: ./data/H/484.jpg
No hand landmarks detected in: ./data/H/282.jpg
No hand landmarks detected in: ./data/H/296.jpg
No hand landmarks detected in: ./data/H/902.jpg
No hand landmarks detected in: ./data/H/334.jpg
No hand landmarks detected in: ./data/H/122.jpg
No hand landmarks detected in: ./data/H/37.jpg
No hand landmarks detected in: ./data/H/33.jpg
No hand landmarks detected in: ./data/H/293.jpg
No hand landmarks detected in: ./data/H/292.jpg
No hand landmarks detected in: ./data/H/286.jpg
No hand landmarks detected in: ./data/H/331.jpg
No hand landmarks detected in: ./data/H/480.jpg
No hand landmarks detected in: ./data/H/899.jpg
No hand landmarks detected in: ./data/H/26.jpg
No hand landmarks detected in: ./data/H/32.jpg
No hand landmarks detected in: ./data/H/18.jpg
No hand landmarks detected in: ./data/H/24.jpg
No hand landmarks detected in: ./data/H/131.jpg
No hand landmarks detected in: ./data/H/482.jpg
No hand landmarks detected in: ./data/H/496.jpg
No hand landmarks detected in: ./data/H/441.jpg
No hand landmarks detected in: ./data/H/290.jpg
No hand landmarks detected in: ./data/H/534.jpg
No hand landmarks detected in: ./data/H/291.jpg
No hand landmarks detected in: ./data/H/332.jpg
No hand landmarks detected in: ./data/H/440.jpg
No hand landmarks detected in: ./data/H/483.jpg
No hand landmarks detected in: ./data/H/31.jpg
No hand landmarks detected in: ./data/H/25.jpg
No hand landmarks detected in: ./data/H/19.jpg
No hand landmarks detected in: ./data/H/42.jpg
No hand landmarks detected in: ./data/H/56.jpg
No hand landmarks detected in: ./data/H/625.jpg
No hand landmarks detected in: ./data/H/631.jpg
No hand landmarks detected in: ./data/H/340.jpg
No hand landmarks detected in: ./data/H/630.jpg
No hand landmarks detected in: ./data/H/624.jpg
No hand landmarks detected in: ./data/H/5.jpg
No hand landmarks detected in: ./data/H/57.jpg
No hand landmarks detected in: ./data/H/43.jpg
No hand landmarks detected in: ./data/H/55.jpg
No hand landmarks detected in: ./data/H/41.jpg
No hand landmarks detected in: ./data/H/69.jpg
No hand landmarks detected in: ./data/H/96.jpg
No hand landmarks detected in: ./data/H/626.jpg
No hand landmarks detected in: ./data/H/578.jpg
No hand landmarks detected in: ./data/H/627.jpg
No hand landmarks detected in: ./data/H/633.jpg
No hand landmarks detected in: ./data/H/97.jpg
No hand landmarks detected in: ./data/H/68.jpg
No hand landmarks detected in: ./data/H/40.jpg
No hand landmarks detected in: ./data/H/6.jpg
No hand landmarks detected in: ./data/H/78.jpg
No hand landmarks detected in: ./data/H/50.jpg
No hand landmarks detected in: ./data/H/44.jpg
No hand landmarks detected in: ./data/H/637.jpg
No hand landmarks detected in: ./data/H/623.jpg
No hand landmarks detected in: ./data/H/435.jpg
No hand landmarks detected in: ./data/H/596.jpg
No hand landmarks detected in: ./data/H/434.jpg
No hand landmarks detected in: ./data/H/622.jpg
No hand landmarks detected in: ./data/H/144.jpg
No hand landmarks detected in: ./data/H/150.jpg
No hand landmarks detected in: ./data/H/636.jpg
No hand landmarks detected in: ./data/H/45.jpg
No hand landmarks detected in: ./data/H/51.jpg
No hand landmarks detected in: ./data/H/47.jpg
No hand landmarks detected in: ./data/H/53.jpg
No hand landmarks detected in: ./data/H/634.jpg
No hand landmarks detected in: ./data/H/436.jpg
No hand landmarks detected in: ./data/H/437.jpg
No hand landmarks detected in: ./data/H/423.jpg
No hand landmarks detected in: ./data/H/635.jpg
No hand landmarks detected in: ./data/H/52.jpg
No hand landmarks detected in: ./data/H/46.jpg
No hand landmarks detected in: ./data/M/572.jpg
No hand landmarks detected in: ./data/M/770.jpg
No hand landmarks detected in: ./data/M/771.jpg
No hand landmarks detected in: ./data/M/573.jpg
No hand landmarks detected in: ./data/M/767.jpg
No hand landmarks detected in: ./data/M/766.jpg
No hand landmarks detected in: ./data/M/762.jpg
No hand landmarks detected in: ./data/M/577.jpg
No hand landmarks detected in: ./data/M/761.jpg
No hand landmarks detected in: ./data/M/576.jpg
No hand landmarks detected in: ./data/M/538.jpg
No hand landmarks detected in: ./data/M/715.jpg
No hand landmarks detected in: ./data/M/689.jpg
No hand landmarks detected in: ./data/M/697.jpg
No hand landmarks detected in: ./data/M/696.jpg
No hand landmarks detected in: ./data/M/680.jpg
No hand landmarks detected in: ./data/M/723.jpg
No hand landmarks detected in: ./data/M/534.jpg
No hand landmarks detected in: ./data/M/977.jpg
No hand landmarks detected in: ./data/M/578.jpg
No hand landmarks detected in: ./data/M/752.jpg
No hand landmarks detected in: ./data/M/579.jpg
No hand landmarks detected in: ./data/M/757.jpg
No hand landmarks detected in: ./data/M/540.jpg
No hand landmarks detected in: ./data/M/581.jpg
No hand landmarks detected in: ./data/M/754.jpg
No hand landmarks detected in: ./data/M/768.jpg
No hand landmarks detected in: ./data/M/580.jpg
No hand landmarks detected in: ./data/C/566.jpg
No hand landmarks detected in: ./data/C/567.jpg
No hand landmarks detected in: ./data/C/559.jpg
No hand landmarks detected in: ./data/C/565.jpg
No hand landmarks detected in: ./data/C/564.jpg
No hand landmarks detected in: ./data/C/560.jpg
No hand landmarks detected in: ./data/C/561.jpg
No hand landmarks detected in: ./data/C/563.jpg
No hand landmarks detected in: ./data/C/698.jpg
No hand landmarks detected in: ./data/C/840.jpg
No hand landmarks detected in: ./data/C/706.jpg
No hand landmarks detected in: ./data/C/841.jpg
No hand landmarks detected in: ./data/C/699.jpg
No hand landmarks detected in: ./data/C/843.jpg
No hand landmarks detected in: ./data/C/658.jpg
No hand landmarks detected in: ./data/C/704.jpg
No hand landmarks detected in: ./data/C/705.jpg
No hand landmarks detected in: ./data/C/671.jpg
No hand landmarks detected in: ./data/C/842.jpg
No hand landmarks detected in: ./data/C/649.jpg
No hand landmarks detected in: ./data/C/701.jpg
No hand landmarks detected in: ./data/C/700.jpg
No hand landmarks detected in: ./data/C/648.jpg
No hand landmarks detected in: ./data/C/660.jpg
No hand landmarks detected in: ./data/C/702.jpg
No hand landmarks detected in: ./data/C/703.jpg
No hand landmarks detected in: ./data/C/691.jpg
No hand landmarks detected in: ./data/C/646.jpg
No hand landmarks detected in: ./data/C/652.jpg
No hand landmarks detected in: ./data/C/653.jpg
No hand landmarks detected in: ./data/C/647.jpg
No hand landmarks detected in: ./data/C/690.jpg
No hand landmarks detected in: ./data/C/692.jpg
No hand landmarks detected in: ./data/C/651.jpg
No hand landmarks detected in: ./data/C/645.jpg
No hand landmarks detected in: ./data/C/644.jpg
No hand landmarks detected in: ./data/C/650.jpg
No hand landmarks detected in: ./data/C/693.jpg
No hand landmarks detected in: ./data/C/697.jpg
No hand landmarks detected in: ./data/C/654.jpg
No hand landmarks detected in: ./data/C/655.jpg
No hand landmarks detected in: ./data/C/696.jpg
No hand landmarks detected in: ./data/C/643.jpg
No hand landmarks detected in: ./data/C/656.jpg
No hand landmarks detected in: ./data/C/553.jpg
No hand landmarks detected in: ./data/C/546.jpg
No hand landmarks detected in: ./data/C/552.jpg
No hand landmarks detected in: ./data/C/544.jpg
No hand landmarks detected in: ./data/C/551.jpg
No hand landmarks detected in: ./data/C/545.jpg
No hand landmarks detected in: ./data/C/568.jpg
No hand landmarks detected in: ./data/C/839.jpg
No hand landmarks detected in: ./data/D/572.jpg
No hand landmarks detected in: ./data/D/566.jpg
No hand landmarks detected in: ./data/D/567.jpg
No hand landmarks detected in: ./data/D/559.jpg
No hand landmarks detected in: ./data/D/565.jpg
No hand landmarks detected in: ./data/D/564.jpg
No hand landmarks detected in: ./data/D/558.jpg
No hand landmarks detected in: ./data/D/560.jpg
No hand landmarks detected in: ./data/D/561.jpg
No hand landmarks detected in: ./data/D/563.jpg
No hand landmarks detected in: ./data/D/562.jpg
No hand landmarks detected in: ./data/D/698.jpg
No hand landmarks detected in: ./data/D/451.jpg
No hand landmarks detected in: ./data/D/497.jpg
No hand landmarks detected in: ./data/D/551.jpg
No hand landmarks detected in: ./data/D/555.jpg
No hand landmarks detected in: ./data/D/569.jpg
No hand landmarks detected in: ./data/D/554.jpg
No hand landmarks detected in: ./data/D/556.jpg
No hand landmarks detected in: ./data/D/557.jpg
No hand landmarks detected in: ./data/Q/667.jpg
No hand landmarks detected in: ./data/Q/668.jpg
No hand landmarks detected in: ./data/L/37.jpg
No hand landmarks detected in: ./data/Y/39.jpg
No hand landmarks detected in: ./data/Y/37.jpg
No hand landmarks detected in: ./data/Y/236.jpg
No hand landmarks detected in: ./data/Y/237.jpg
No hand landmarks detected in: ./data/W/189.jpg
No hand landmarks detected in: ./data/W/406.jpg
No hand landmarks detected in: ./data/W/407.jpg
No hand landmarks detected in: ./data/W/611.jpg
No hand landmarks detected in: ./data/W/188.jpg
No hand landmarks detected in: ./data/W/405.jpg
No hand landmarks detected in: ./data/W/559.jpg
No hand landmarks detected in: ./data/W/558.jpg
No hand landmarks detected in: ./data/W/410.jpg
No hand landmarks detected in: ./data/W/174.jpg
No hand landmarks detected in: ./data/W/170.jpg
No hand landmarks detected in: ./data/W/212.jpg
No hand landmarks detected in: ./data/W/165.jpg
No hand landmarks detected in: ./data/W/171.jpg
No hand landmarks detected in: ./data/W/173.jpg
No hand landmarks detected in: ./data/W/403.jpg
No hand landmarks detected in: ./data/W/211.jpg
No hand landmarks detected in: ./data/W/953.jpg
No hand landmarks detected in: ./data/W/210.jpg
No hand landmarks detected in: ./data/W/166.jpg
No hand landmarks detected in: ./data/W/505.jpg
No hand landmarks detected in: ./data/W/504.jpg
No hand landmarks detected in: ./data/W/506.jpg
No hand landmarks detected in: ./data/W/507.jpg
No hand landmarks detected in: ./data/W/503.jpg
No hand landmarks detected in: ./data/W/502.jpg
No hand landmarks detected in: ./data/W/500.jpg
No hand landmarks detected in: ./data/W/501.jpg
No hand landmarks detected in: ./data/W/640.jpg
No hand landmarks detected in: ./data/W/906.jpg
No hand landmarks detected in: ./data/W/332.jpg
No hand landmarks detected in: ./data/W/180.jpg
No hand landmarks detected in: ./data/W/143.jpg
No hand landmarks detected in: ./data/W/396.jpg
No hand landmarks detected in: ./data/W/209.jpg
No hand landmarks detected in: ./data/W/553.jpg
No hand landmarks detected in: ./data/W/397.jpg
No hand landmarks detected in: ./data/W/181.jpg
No hand landmarks detected in: ./data/W/183.jpg
No hand landmarks detected in: ./data/W/168.jpg
No hand landmarks detected in: ./data/W/154.jpg
No hand landmarks detected in: ./data/W/222.jpg
No hand landmarks detected in: ./data/W/223.jpg
No hand landmarks detected in: ./data/W/186.jpg
No hand landmarks detected in: ./data/W/409.jpg
No hand landmarks detected in: ./data/W/227.jpg
No hand landmarks detected in: ./data/W/555.jpg
No hand landmarks detected in: ./data/W/408.jpg
No hand landmarks detected in: ./data/W/144.jpg
No hand landmarks detected in: ./data/W/187.jpg
No hand landmarks detected in: ./data/W/185.jpg
No hand landmarks detected in: ./data/W/556.jpg
No hand landmarks detected in: ./data/W/224.jpg
No hand landmarks detected in: ./data/W/557.jpg
No hand landmarks detected in: ./data/W/153.jpg
No hand landmarks detected in: ./data/W/190.jpg
No hand landmarks detected in: ./data/W/184.jpg